[
  'index.html',     'index.html',   'contato.html', 'entrega.html',
  'parceiros.html', 'produtos.php', 'sobre.html',   'index.html',
  '18327',          '29167',        '6168',         '29168',
  '19712',          '8714',         '24478',        '15599',
  '30405',          '17053',        '22882',        '17150',
  '29239',          '17158',        '29246',        '17072',
  '30851',          '28630',        '21428',        '21429',
  '21383',          '10116',        '21384',        '17871',
  '1014',           '21385',        '1013',         '17870',
  '10122',          '21386',        '28348',        '28472',
  '29478',          '28583',        '21320',        '29464',
  '15187',          '28590',        '22079',        '21249',
  '22852',          '28591',        '908',          '909',
  '28592',          '28594',        '911',          '22080',
  '1019',           '28593',        '31832',        '26499',
  '18193',          '9871',         '30523',        '26098',
  '30516',          '9870',         '18192',        '21793',
  '23845',          '11966',        '11751',        '10788',
  '27472',          '22215',        '27484',        '22217',
  '7231',           '10785',        '8179',         '10794',
  '23839',          '29787',        '30380',        '11757',
  '28201',          '27547',        '27517',        '18385',
  '28167',          '29595',        '17930',        '32903',
  '24475',          '18551',        '26015',        '28822',
  '19808',          '26065',        '14256',        '28074',
  ... 4508 more items
]
